16:05:56 [drishti.main] INFO: ============================================================
16:05:56 [drishti.main] INFO:   DRISHTI - Visual Assistance System
16:05:56 [drishti.main] INFO:   Starting up...
16:05:56 [drishti.main] INFO: ============================================================
16:05:56 [drishti.main] INFO: Initializing components...
16:05:56 [drishti.stream] INFO: Stream receiver configured: udp://0.0.0.0:8080?fifo_size=10000000&overrun_nonfatal=1&timeout=15000000
16:05:56 [drishti.yolo] INFO: Loading YOLO model: yolov8n.pt
16:05:56 [drishti.yolo] INFO: YOLO model loaded successfully
16:05:56 [drishti.blip] INFO: BLIP will use device: cuda
16:05:56 [drishti.tts] INFO: TTS engine initialized: gtts
16:05:56 [drishti.main] INFO: Checking Pi connection...
16:05:56 [drishti.pi_comm] INFO: Connecting to Pi at 10.42.0.50...
16:05:57 [drishti.pi_comm] INFO: Connected to Pi successfully
16:05:58 [drishti.pi_comm] INFO: Pi hostname: raspberrypi
16:05:58 [drishti.main] INFO: ✓ Pi connected
16:05:58 [drishti.main] INFO: Starting video stream receiver...
16:05:58 [drishti.stream] INFO: ffmpeg starting: ffmpeg -fflags +nobuffer+discardcorrupt -flags low_delay -rtbufsize 32M -analyzeduration 1000000 -probesize 1000000 -i udp://0.0.0.0:8080?fifo_size=10000000&overrun_nonfatal=1&timeout=15000000 -f rawvideo -pix_fmt bgr24 -vf scale=800:600 -an -sn -vsync passthrough -v error pipe:1
16:05:58 [drishti.stream] INFO: Stream receiver started (waiting for camera UDP packets…)
16:05:58 [drishti.main] INFO: Preloading BLIP model in background...
16:05:58 [drishti.blip] INFO: Loading BLIP model: Salesforce/blip-image-captioning-large
16:05:58 [drishti.blip] INFO: This may take a moment on first run...
16:05:58 [drishti.cmd_server] INFO: Command server listening on port 9090
16:05:58 [drishti.main] INFO: ✓ DRISHTI is ready!
16:05:58 [drishti.main] INFO: ────────────────────────────────────────
16:05:58 [drishti.stream] INFO: ffmpeg process started — waiting for first frame…
16:05:58 [drishti.main] INFO: Controls (keyboard):
16:05:58 [drishti.main] INFO:   1 / Space : Capture & Describe
16:05:58 [drishti.main] INFO:   2 / M     : Cycle BLIP mode
16:05:58 [drishti.main] INFO:   3 / A     : Toggle YOLO alerts
16:05:58 [drishti.main] INFO:   Q / ESC   : Quit
16:05:58 [drishti.main] INFO: ────────────────────────────────────────
16:05:59 [drishti.cmd_server] INFO: Connection from ('127.0.0.1', 39158)
16:06:00 [drishti.stream] INFO: ✓ First frame received — stream is live! (800×600)
16:06:04 [drishti.blip] INFO: ✓ BLIP model loaded on cuda
16:06:04 [drishti.main] INFO: ✓ BLIP model preloaded
16:06:05 [drishti.cmd_server] INFO: Connection from ('127.0.0.1', 39174)
16:06:12 [drishti.cmd_server] INFO: Connection from ('127.0.0.1', 44116)
16:06:19 [drishti.cmd_server] INFO: Connection from ('127.0.0.1', 52802)
16:06:23 [drishti.main] INFO: Shutting down DRISHTI...
16:06:23 [drishti.stream] INFO: Stream receiver stopped
16:06:23 [drishti.pi_comm] INFO: Disconnected from Pi
16:06:23 [drishti.main] INFO: DRISHTI shutdown complete
