16:36:46 [drishti.main] INFO: ============================================================
16:36:46 [drishti.main] INFO:   DRISHTI - Visual Assistance System
16:36:46 [drishti.main] INFO:   Starting up...
16:36:46 [drishti.main] INFO: ============================================================
16:36:46 [drishti.main] INFO: Initializing components...
16:36:46 [drishti.stream] INFO: Stream receiver configured: udp://0.0.0.0:8080?fifo_size=10000000&overrun_nonfatal=1&timeout=15000000
16:36:46 [drishti.yolo] INFO: Loading YOLO model: yolov8n.pt
16:36:46 [drishti.yolo] INFO: YOLO model loaded successfully
16:36:46 [drishti.blip] INFO: BLIP will use device: cuda
16:36:46 [drishti.tts] INFO: TTS engine initialized: gtts
16:36:46 [drishti.main] INFO: Checking Pi connection...
16:36:46 [drishti.pi_comm] INFO: Connecting to Pi at 10.42.0.50...
16:36:48 [drishti.pi_comm] INFO: Connected to Pi successfully
16:36:48 [drishti.pi_comm] INFO: Pi hostname: raspberrypi
16:36:48 [drishti.main] INFO: ✓ Pi connected
16:36:48 [drishti.main] INFO: Starting video stream receiver...
16:36:48 [drishti.stream] INFO: ffmpeg starting: ffmpeg -fflags +nobuffer+discardcorrupt -flags low_delay -rtbufsize 32M -analyzeduration 1000000 -probesize 1000000 -i udp://0.0.0.0:8080?fifo_size=10000000&overrun_nonfatal=1&timeout=15000000 -f rawvideo -pix_fmt bgr24 -vf scale=800:600 -an -sn -vsync passthrough -v error pipe:1
16:36:48 [drishti.stream] INFO: Stream receiver started (waiting for camera UDP packets…)
16:36:48 [drishti.main] INFO: Preloading BLIP model in background...
16:36:48 [drishti.blip] INFO: Loading BLIP model: Salesforce/blip-image-captioning-large
16:36:48 [drishti.stream] INFO: ffmpeg process started — waiting for first frame…
16:36:48 [drishti.cmd_server] INFO: Command server listening on port 9090
16:36:48 [drishti.main] INFO: ✓ DRISHTI is ready!
16:36:48 [drishti.main] INFO: ────────────────────────────────────────
16:36:48 [drishti.main] INFO: Controls (keyboard):
16:36:48 [drishti.main] INFO:   1 / Space : Capture & Describe
16:36:48 [drishti.main] INFO:   2 / M     : Cycle BLIP mode
16:36:48 [drishti.main] INFO:   3 / A     : Toggle YOLO alerts
16:36:48 [drishti.main] INFO:   Q / ESC   : Quit
16:36:48 [drishti.main] INFO: ────────────────────────────────────────
16:36:48 [drishti.cmd_server] INFO: Connection from ('127.0.0.1', 48618)
16:36:53 [drishti.blip] INFO: BLIP model loaded on cuda
16:36:53 [drishti.main] INFO: ✓ BLIP model preloaded
16:36:55 [drishti.cmd_server] INFO: Connection from ('127.0.0.1', 48624)
16:36:56 [drishti.stream] INFO: ✓ First frame received — stream is live! (800×600)
16:37:02 [drishti.cmd_server] INFO: Connection from ('127.0.0.1', 38824)
16:37:02 [drishti.cmd_server] INFO: Connection from ('127.0.0.1', 38836)
16:37:02 [drishti.main] INFO: Command received: toggle_yolo
16:37:02 [drishti.yolo] INFO: YOLO alerts enabled
16:37:02 [drishti.main] INFO: 🎯 YOLO people-detection activated
16:37:02 [drishti.tts] INFO: Synthesizing speech (49 chars)...
16:37:03 [drishti.tts] INFO: Audio saved: /home/abhiroop/Documents/DRISHTI/audio_output/yolo_toggle.mp3
16:37:03 [drishti.pi_comm] INFO: Transferring audio to Pi: yolo_toggle.mp3
16:37:03 [drishti.pi_comm] INFO: Audio transferred, playing...
16:37:04 [drishti.pi_comm] INFO: Audio playback started on Pi
16:37:05 [drishti.main] INFO: 👤 YOLO: 1 more people detected further away.
16:37:05 [drishti.tts] INFO: Synthesizing speech (36 chars)...
16:37:05 [drishti.tts] INFO: Audio saved: /home/abhiroop/Documents/DRISHTI/audio_output/alert_1771758425.mp3
16:37:05 [drishti.pi_comm] INFO: Transferring audio to Pi: alert_1771758425.mp3
16:37:05 [drishti.pi_comm] INFO: Audio transferred, playing...
16:37:06 [drishti.pi_comm] INFO: Audio playback started on Pi
16:37:09 [drishti.cmd_server] INFO: Connection from ('127.0.0.1', 47244)
16:37:10 [drishti.main] INFO: 👤 YOLO: Person nearby at 1.7999999523162842 meters, to your center.
16:37:10 [drishti.tts] INFO: Synthesizing speech (59 chars)...
16:37:11 [drishti.tts] INFO: Audio saved: /home/abhiroop/Documents/DRISHTI/audio_output/alert_1771758430.mp3
16:37:11 [drishti.pi_comm] INFO: Transferring audio to Pi: alert_1771758430.mp3
16:37:11 [drishti.pi_comm] INFO: Audio transferred, playing...
16:37:11 [drishti.pi_comm] INFO: Audio playback started on Pi
16:37:15 [drishti.main] INFO: 👤 YOLO: Person nearby at 2.299999952316284 meters, to your center.
16:37:15 [drishti.tts] INFO: Synthesizing speech (58 chars)...
16:37:16 [drishti.cmd_server] INFO: Connection from ('127.0.0.1', 47250)
16:37:16 [drishti.cmd_server] INFO: Connection from ('127.0.0.1', 47266)
16:37:16 [drishti.main] INFO: Command received: capture
16:37:16 [drishti.main] INFO: 📸 Capturing frame...
16:37:16 [drishti.stream] INFO: Frame captured: (600, 800, 3)
16:37:16 [drishti.main] INFO: Frame saved: /home/abhiroop/Documents/DRISHTI/captures/capture_20260222_163716.jpg
16:37:16 [drishti.main] INFO: 🧠 Generating detailed scene description...
16:37:16 [drishti.blip] INFO: Generating 'default' description...
16:37:16 [drishti.tts] INFO: Audio saved: /home/abhiroop/Documents/DRISHTI/audio_output/alert_1771758435.mp3
16:37:16 [drishti.pi_comm] INFO: Transferring audio to Pi: alert_1771758435.mp3
16:37:16 [drishti.pi_comm] INFO: Audio transferred, playing...
16:37:16 [drishti.pi_comm] INFO: Audio playback started on Pi
16:37:16 [drishti.blip] INFO: Description (124 chars): A man taking a selfie in front of some lights. 1 person detected. Person 1: 2.200000047683716 meters to your center. Nea
16:37:16 [drishti.main] INFO: Description: A man taking a selfie in front of some lights. 1 person detected. Person 1: 2.200000047683716 meters to your center. Nearby.
16:37:16 [drishti.main] INFO: 🔊 Converting to speech...
16:37:16 [drishti.tts] INFO: Synthesizing speech (124 chars)...
16:37:18 [drishti.tts] INFO: Audio saved: /home/abhiroop/Documents/DRISHTI/audio_output/describe_20260222_163716.mp3
16:37:18 [drishti.main] INFO: 📤 Sending audio to Pi...
16:37:18 [drishti.pi_comm] INFO: Transferring audio to Pi: describe_20260222_163716.mp3
16:37:18 [drishti.pi_comm] INFO: Audio transferred, playing...
16:37:19 [drishti.pi_comm] INFO: Audio playback started on Pi
16:37:19 [drishti.main] INFO: ✓ Audio playing on Pi
16:37:20 [drishti.main] INFO: 👤 YOLO: Person nearby at 1.7999999523162842 meters, to your center.
16:37:20 [drishti.tts] INFO: Synthesizing speech (59 chars)...
16:37:21 [drishti.tts] INFO: Audio saved: /home/abhiroop/Documents/DRISHTI/audio_output/alert_1771758440.mp3
16:37:21 [drishti.pi_comm] INFO: Transferring audio to Pi: alert_1771758440.mp3
16:37:21 [drishti.pi_comm] INFO: Audio transferred, playing...
16:37:21 [drishti.pi_comm] INFO: Audio playback started on Pi
16:37:22 [drishti.cmd_server] INFO: Connection from ('127.0.0.1', 35996)
16:37:25 [drishti.main] INFO: 👤 YOLO: Person nearby at 1.7999999523162842 meters, to your center.
16:37:25 [drishti.tts] INFO: Synthesizing speech (59 chars)...
16:37:26 [drishti.tts] INFO: Audio saved: /home/abhiroop/Documents/DRISHTI/audio_output/alert_1771758445.mp3
16:37:26 [drishti.pi_comm] INFO: Transferring audio to Pi: alert_1771758445.mp3
16:37:26 [drishti.pi_comm] INFO: Audio transferred, playing...
16:37:26 [drishti.pi_comm] INFO: Audio playback started on Pi
16:37:29 [drishti.cmd_server] INFO: Connection from ('127.0.0.1', 51942)
16:37:30 [drishti.main] INFO: 👤 YOLO: Person nearby at 2.700000047683716 meters, to your right.
16:37:30 [drishti.tts] INFO: Synthesizing speech (57 chars)...
16:37:31 [drishti.tts] INFO: Audio saved: /home/abhiroop/Documents/DRISHTI/audio_output/alert_1771758450.mp3
16:37:31 [drishti.pi_comm] INFO: Transferring audio to Pi: alert_1771758450.mp3
16:37:31 [drishti.pi_comm] INFO: Audio transferred, playing...
16:37:31 [drishti.pi_comm] INFO: Audio playback started on Pi
16:37:36 [drishti.cmd_server] INFO: Connection from ('127.0.0.1', 51958)
16:37:36 [drishti.main] INFO: 👤 YOLO: Person nearby at 2.700000047683716 meters, to your right.
16:37:36 [drishti.tts] INFO: Synthesizing speech (57 chars)...
16:37:36 [drishti.tts] INFO: Audio saved: /home/abhiroop/Documents/DRISHTI/audio_output/alert_1771758456.mp3
16:37:36 [drishti.pi_comm] INFO: Transferring audio to Pi: alert_1771758456.mp3
16:37:36 [drishti.pi_comm] INFO: Audio transferred, playing...
16:37:37 [drishti.pi_comm] INFO: Audio playback started on Pi
16:37:39 [drishti.cmd_server] INFO: Connection from ('127.0.0.1', 46786)
16:37:39 [drishti.main] INFO: Command received: capture
16:37:39 [drishti.main] INFO: 📸 Capturing frame...
16:37:39 [drishti.stream] INFO: Frame captured: (600, 800, 3)
16:37:39 [drishti.main] INFO: Frame saved: /home/abhiroop/Documents/DRISHTI/captures/capture_20260222_163739.jpg
16:37:39 [drishti.main] INFO: 🧠 Generating detailed scene description...
16:37:39 [drishti.blip] INFO: Generating 'default' description...
16:37:40 [drishti.blip] INFO: Description (138 chars): A man taking a selfie in front of a ceiling full of lights. 1 person detected. Person 1: 2.9000000953674316 meters to yo
16:37:40 [drishti.main] INFO: Description: A man taking a selfie in front of a ceiling full of lights. 1 person detected. Person 1: 2.9000000953674316 meters to your center. Nearby.
16:37:40 [drishti.main] INFO: 🔊 Converting to speech...
16:37:40 [drishti.tts] INFO: Synthesizing speech (138 chars)...
16:37:41 [drishti.main] INFO: 👤 YOLO: Person nearby at 2.5999999046325684 meters, to your center.
16:37:41 [drishti.tts] INFO: Synthesizing speech (59 chars)...
16:37:41 [drishti.tts] INFO: Audio saved: /home/abhiroop/Documents/DRISHTI/audio_output/alert_1771758461.mp3
16:37:41 [drishti.pi_comm] INFO: Transferring audio to Pi: alert_1771758461.mp3
16:37:41 [drishti.pi_comm] INFO: Audio transferred, playing...
16:37:42 [drishti.pi_comm] INFO: Audio playback started on Pi
16:37:43 [drishti.cmd_server] INFO: Connection from ('127.0.0.1', 46794)
16:37:43 [drishti.tts] INFO: Audio saved: /home/abhiroop/Documents/DRISHTI/audio_output/describe_20260222_163739.mp3
16:37:43 [drishti.main] INFO: 📤 Sending audio to Pi...
16:37:43 [drishti.pi_comm] INFO: Transferring audio to Pi: describe_20260222_163739.mp3
16:37:43 [drishti.pi_comm] INFO: Audio transferred, playing...
16:37:43 [drishti.pi_comm] INFO: Audio playback started on Pi
16:37:43 [drishti.main] INFO: ✓ Audio playing on Pi
16:37:49 [drishti.cmd_server] INFO: Connection from ('127.0.0.1', 47350)
16:37:51 [drishti.main] INFO: 👤 YOLO: 1 more people detected further away.
16:37:51 [drishti.tts] INFO: Synthesizing speech (36 chars)...
16:37:51 [drishti.tts] INFO: Audio saved: /home/abhiroop/Documents/DRISHTI/audio_output/alert_1771758471.mp3
16:37:51 [drishti.pi_comm] INFO: Transferring audio to Pi: alert_1771758471.mp3
16:37:52 [drishti.pi_comm] INFO: Audio transferred, playing...
16:37:52 [drishti.pi_comm] INFO: Audio playback started on Pi
16:37:56 [drishti.cmd_server] INFO: Connection from ('127.0.0.1', 47352)
16:37:56 [drishti.main] INFO: 👤 YOLO: Person nearby at 2.200000047683716 meters, to your center.
16:37:56 [drishti.tts] INFO: Synthesizing speech (58 chars)...
16:37:57 [drishti.tts] INFO: Audio saved: /home/abhiroop/Documents/DRISHTI/audio_output/alert_1771758476.mp3
16:37:57 [drishti.pi_comm] INFO: Transferring audio to Pi: alert_1771758476.mp3
16:37:57 [drishti.pi_comm] INFO: Audio transferred, playing...
16:37:58 [drishti.pi_comm] INFO: Audio playback started on Pi
16:37:59 [drishti.cmd_server] INFO: Connection from ('127.0.0.1', 45668)
16:37:59 [drishti.main] INFO: Command received: toggle_yolo
16:37:59 [drishti.yolo] INFO: YOLO alerts disabled
16:37:59 [drishti.main] INFO: 🎯 YOLO people-detection deactivated
16:37:59 [drishti.tts] INFO: Synthesizing speech (21 chars)...
16:38:00 [drishti.tts] INFO: Audio saved: /home/abhiroop/Documents/DRISHTI/audio_output/yolo_toggle.mp3
16:38:00 [drishti.pi_comm] INFO: Transferring audio to Pi: yolo_toggle.mp3
16:38:00 [drishti.pi_comm] INFO: Audio transferred, playing...
16:38:01 [drishti.pi_comm] INFO: Audio playback started on Pi
16:38:03 [drishti.cmd_server] INFO: Connection from ('127.0.0.1', 45678)
16:38:03 [drishti.main] INFO: Command received: capture
16:38:03 [drishti.main] INFO: 📸 Capturing frame...
16:38:03 [drishti.stream] INFO: Frame captured: (600, 800, 3)
16:38:03 [drishti.main] INFO: Frame saved: /home/abhiroop/Documents/DRISHTI/captures/capture_20260222_163803.jpg
16:38:03 [drishti.main] INFO: 🧠 Generating detailed scene description...
16:38:03 [drishti.blip] INFO: Generating 'default' description...
16:38:03 [drishti.cmd_server] INFO: Connection from ('127.0.0.1', 45682)
16:38:03 [drishti.blip] INFO: Description (59 chars): A man taking a selfie in front of a ceiling full of lights.
16:38:03 [drishti.main] INFO: Description: A man taking a selfie in front of a ceiling full of lights.
16:38:03 [drishti.main] INFO: 🔊 Converting to speech...
16:38:03 [drishti.tts] INFO: Synthesizing speech (59 chars)...
16:38:04 [drishti.tts] INFO: Audio saved: /home/abhiroop/Documents/DRISHTI/audio_output/describe_20260222_163803.mp3
16:38:04 [drishti.main] INFO: 📤 Sending audio to Pi...
16:38:04 [drishti.pi_comm] INFO: Transferring audio to Pi: describe_20260222_163803.mp3
16:38:04 [drishti.pi_comm] INFO: Audio transferred, playing...
16:38:04 [drishti.pi_comm] INFO: Audio playback started on Pi
16:38:04 [drishti.main] INFO: ✓ Audio playing on Pi
16:38:09 [drishti.cmd_server] INFO: Connection from ('127.0.0.1', 54748)
16:38:16 [drishti.cmd_server] INFO: Connection from ('127.0.0.1', 54764)
16:38:16 [drishti.main] INFO: Command received: capture
16:38:16 [drishti.main] INFO: 📸 Capturing frame...
16:38:16 [drishti.stream] INFO: Frame captured: (600, 800, 3)
16:38:16 [drishti.main] INFO: Frame saved: /home/abhiroop/Documents/DRISHTI/captures/capture_20260222_163816.jpg
16:38:16 [drishti.main] INFO: 🧠 Generating detailed scene description...
16:38:16 [drishti.blip] INFO: Generating 'default' description...
16:38:16 [drishti.cmd_server] INFO: Connection from ('127.0.0.1', 54776)
16:38:16 [drishti.blip] INFO: Description (85 chars): A person standing in front of a wall of lights with a cell phone in the middle of it.
16:38:16 [drishti.main] INFO: Description: A person standing in front of a wall of lights with a cell phone in the middle of it.
16:38:16 [drishti.main] INFO: 🔊 Converting to speech...
16:38:16 [drishti.tts] INFO: Synthesizing speech (85 chars)...
16:38:17 [drishti.tts] INFO: Audio saved: /home/abhiroop/Documents/DRISHTI/audio_output/describe_20260222_163816.mp3
16:38:17 [drishti.main] INFO: 📤 Sending audio to Pi...
16:38:17 [drishti.pi_comm] INFO: Transferring audio to Pi: describe_20260222_163816.mp3
16:38:17 [drishti.pi_comm] INFO: Audio transferred, playing...
16:38:18 [drishti.pi_comm] INFO: Audio playback started on Pi
16:38:18 [drishti.main] INFO: ✓ Audio playing on Pi
16:38:23 [drishti.cmd_server] INFO: Connection from ('127.0.0.1', 56014)
16:38:30 [drishti.cmd_server] INFO: Connection from ('127.0.0.1', 49056)
16:38:33 [drishti.cmd_server] INFO: Connection from ('127.0.0.1', 49066)
16:38:33 [drishti.main] INFO: Command received: capture
16:38:33 [drishti.main] INFO: 📸 Capturing frame...
16:38:33 [drishti.stream] INFO: Frame captured: (600, 800, 3)
16:38:33 [drishti.main] INFO: Frame saved: /home/abhiroop/Documents/DRISHTI/captures/capture_20260222_163833.jpg
16:38:33 [drishti.main] INFO: 🧠 Generating detailed scene description...
16:38:33 [drishti.blip] INFO: Generating 'default' description...
16:38:33 [drishti.blip] INFO: Description (40 chars): A bunch of lights that are on a ceiling.
16:38:33 [drishti.main] INFO: Description: A bunch of lights that are on a ceiling.
16:38:33 [drishti.main] INFO: 🔊 Converting to speech...
16:38:33 [drishti.tts] INFO: Synthesizing speech (40 chars)...
16:38:33 [drishti.tts] INFO: Audio saved: /home/abhiroop/Documents/DRISHTI/audio_output/describe_20260222_163833.mp3
16:38:33 [drishti.main] INFO: 📤 Sending audio to Pi...
16:38:33 [drishti.pi_comm] INFO: Transferring audio to Pi: describe_20260222_163833.mp3
16:38:34 [drishti.pi_comm] INFO: Audio transferred, playing...
16:38:34 [drishti.pi_comm] INFO: Audio playback started on Pi
16:38:34 [drishti.main] INFO: ✓ Audio playing on Pi
16:38:36 [drishti.cmd_server] INFO: Connection from ('127.0.0.1', 49078)
16:38:43 [drishti.cmd_server] INFO: Connection from ('127.0.0.1', 49208)
16:38:46 [drishti.cmd_server] INFO: Connection from ('10.42.0.50', 34188)
16:38:46 [drishti.main] INFO: Command received: capture
16:38:46 [drishti.main] INFO: 📸 Capturing frame...
16:38:46 [drishti.stream] INFO: Frame captured: (600, 800, 3)
16:38:46 [drishti.main] INFO: Frame saved: /home/abhiroop/Documents/DRISHTI/captures/capture_20260222_163846.jpg
16:38:46 [drishti.main] INFO: 🧠 Generating detailed scene description...
16:38:46 [drishti.blip] INFO: Generating 'default' description...
16:38:46 [drishti.blip] INFO: Description (56 chars): A group of people standing in front of a wall of lights.
16:38:46 [drishti.main] INFO: Description: A group of people standing in front of a wall of lights.
16:38:46 [drishti.main] INFO: 🔊 Converting to speech...
16:38:46 [drishti.tts] INFO: Synthesizing speech (56 chars)...
16:38:47 [drishti.tts] INFO: Audio saved: /home/abhiroop/Documents/DRISHTI/audio_output/describe_20260222_163846.mp3
16:38:47 [drishti.main] INFO: 📤 Sending audio to Pi...
16:38:47 [drishti.pi_comm] INFO: Transferring audio to Pi: describe_20260222_163846.mp3
16:38:47 [drishti.pi_comm] INFO: Audio transferred, playing...
16:38:48 [drishti.pi_comm] INFO: Audio playback started on Pi
16:38:48 [drishti.main] INFO: ✓ Audio playing on Pi
16:38:50 [drishti.cmd_server] INFO: Connection from ('127.0.0.1', 45982)
16:38:55 [drishti.cmd_server] INFO: Connection from ('10.42.0.50', 53772)
16:38:55 [drishti.main] INFO: Command received: capture
16:38:55 [drishti.main] INFO: 📸 Capturing frame...
16:38:55 [drishti.stream] INFO: Frame captured: (600, 800, 3)
16:38:55 [drishti.main] INFO: Frame saved: /home/abhiroop/Documents/DRISHTI/captures/capture_20260222_163855.jpg
16:38:55 [drishti.main] INFO: 🧠 Generating detailed scene description...
16:38:55 [drishti.blip] INFO: Generating 'default' description...
16:38:56 [drishti.blip] INFO: Description (56 chars): A man holding a tennis racquet on top of a tennis court.
16:38:56 [drishti.main] INFO: Description: A man holding a tennis racquet on top of a tennis court.
16:38:56 [drishti.main] INFO: 🔊 Converting to speech...
16:38:56 [drishti.tts] INFO: Synthesizing speech (56 chars)...
16:38:56 [drishti.cmd_server] INFO: Connection from ('127.0.0.1', 45988)
16:38:56 [drishti.tts] INFO: Audio saved: /home/abhiroop/Documents/DRISHTI/audio_output/describe_20260222_163855.mp3
16:38:56 [drishti.main] INFO: 📤 Sending audio to Pi...
16:38:57 [drishti.pi_comm] INFO: Transferring audio to Pi: describe_20260222_163855.mp3
16:38:57 [drishti.pi_comm] INFO: Audio transferred, playing...
16:38:57 [drishti.pi_comm] INFO: Audio playback started on Pi
16:38:57 [drishti.main] INFO: ✓ Audio playing on Pi
16:39:03 [drishti.cmd_server] INFO: Connection from ('127.0.0.1', 37072)
16:39:10 [drishti.cmd_server] INFO: Connection from ('127.0.0.1', 60142)
16:39:16 [drishti.cmd_server] INFO: Connection from ('127.0.0.1', 60148)
16:39:21 [drishti.cmd_server] INFO: Connection from ('10.42.0.50', 60642)
16:39:21 [drishti.main] INFO: Command received: capture
16:39:21 [drishti.main] INFO: 📸 Capturing frame...
16:39:21 [drishti.stream] INFO: Frame captured: (600, 800, 3)
16:39:21 [drishti.main] INFO: Frame saved: /home/abhiroop/Documents/DRISHTI/captures/capture_20260222_163921.jpg
16:39:21 [drishti.main] INFO: 🧠 Generating detailed scene description...
16:39:21 [drishti.blip] INFO: Generating 'default' description...
16:39:22 [drishti.blip] INFO: Description (74 chars): The reflection of a man with a tennis racket in front of a wall of lights.
16:39:22 [drishti.main] INFO: Description: The reflection of a man with a tennis racket in front of a wall of lights.
16:39:22 [drishti.main] INFO: 🔊 Converting to speech...
16:39:22 [drishti.tts] INFO: Synthesizing speech (74 chars)...
16:39:22 [drishti.tts] INFO: Audio saved: /home/abhiroop/Documents/DRISHTI/audio_output/describe_20260222_163921.mp3
16:39:22 [drishti.main] INFO: 📤 Sending audio to Pi...
16:39:22 [drishti.pi_comm] INFO: Transferring audio to Pi: describe_20260222_163921.mp3
16:39:22 [drishti.pi_comm] INFO: Audio transferred, playing...
16:39:23 [drishti.pi_comm] INFO: Audio playback started on Pi
16:39:23 [drishti.main] INFO: ✓ Audio playing on Pi
16:39:23 [drishti.cmd_server] INFO: Connection from ('127.0.0.1', 46068)
16:39:30 [drishti.cmd_server] INFO: Connection from ('127.0.0.1', 50118)
16:39:37 [drishti.cmd_server] INFO: Connection from ('127.0.0.1', 50130)
16:39:43 [drishti.cmd_server] INFO: Connection from ('127.0.0.1', 39650)
16:39:50 [drishti.cmd_server] INFO: Connection from ('127.0.0.1', 46434)
16:39:56 [drishti.cmd_server] INFO: Connection from ('127.0.0.1', 46440)
16:40:03 [drishti.cmd_server] INFO: Connection from ('127.0.0.1', 53840)
16:40:10 [drishti.cmd_server] INFO: Connection from ('127.0.0.1', 58926)
16:40:16 [drishti.cmd_server] INFO: Connection from ('127.0.0.1', 58938)
16:40:23 [drishti.cmd_server] INFO: Connection from ('127.0.0.1', 42088)
16:40:30 [drishti.cmd_server] INFO: Connection from ('127.0.0.1', 33060)
16:40:30 [drishti.main] INFO: Shutting down DRISHTI...
16:40:30 [drishti.stream] INFO: Stream receiver stopped
16:40:30 [drishti.pi_comm] INFO: Disconnected from Pi
16:40:30 [drishti.main] INFO: DRISHTI shutdown complete
