14:41:39 [drishti.main] INFO: ============================================================
14:41:39 [drishti.main] INFO:   DRISHTI - Visual Assistance System
14:41:39 [drishti.main] INFO:   Starting up...
14:41:39 [drishti.main] INFO: ============================================================
14:41:39 [drishti.main] INFO: Initializing components...
14:41:39 [drishti.stream] INFO: Stream receiver configured: udp://@:8080
14:41:39 [drishti.yolo] INFO: Loading YOLO model: yolov8n.pt
14:41:39 [drishti.yolo] INFO: YOLO model loaded successfully
14:41:40 [drishti.blip] INFO: BLIP will use device: cuda
14:41:40 [drishti.tts] INFO: TTS engine initialized: gtts
14:41:40 [drishti.main] INFO: Checking Pi connection...
14:41:40 [drishti.pi_comm] INFO: Connecting to Pi at 10.42.0.50...
14:41:41 [drishti.pi_comm] INFO: Connected to Pi successfully
14:41:41 [drishti.pi_comm] INFO: Pi hostname: raspberrypi
14:41:41 [drishti.main] INFO: ✓ Pi connected
14:41:41 [drishti.main] INFO: Starting video stream receiver...
14:41:41 [drishti.stream] INFO: Opening stream: udp://@:8080
14:41:41 [drishti.stream] INFO: ffmpeg cmd: ffmpeg -fflags nobuffer -flags low_delay -framedrop -analyzeduration 500000 -probesize 32768 -i udp://@:8080 -f rawvideo -pix_fmt bgr24 -vf scale=800:600 -an -sn -v warning pipe:1
14:41:41 [drishti.stream] INFO: Stream receiver started
14:41:41 [drishti.main] INFO: Preloading BLIP model in background...
14:41:41 [drishti.blip] INFO: Loading BLIP model: Salesforce/blip-image-captioning-base
14:41:41 [drishti.blip] INFO: This may take a moment on first run...
14:41:41 [drishti.cmd_server] INFO: Command server listening on port 9090
14:41:41 [drishti.main] INFO: ✓ DRISHTI is ready!
14:41:41 [drishti.stream] INFO: ffmpeg process started
14:41:41 [drishti.main] INFO: ────────────────────────────────────────
14:41:41 [drishti.main] INFO: Controls (keyboard):
14:41:41 [drishti.main] INFO:   1 / Space : Capture & Describe
14:41:41 [drishti.main] INFO:   2 / M     : Cycle BLIP mode
14:41:41 [drishti.main] INFO:   3 / A     : Toggle YOLO alerts
14:41:41 [drishti.main] INFO:   Q / ESC   : Quit
14:41:41 [drishti.main] INFO: ────────────────────────────────────────
14:41:41 [drishti.stream] WARNING: Stream lost. Reconnecting in 2 seconds...
14:41:43 [httpx] INFO: HTTP Request: GET https://huggingface.co/api/models/Salesforce/blip-image-captioning-base/tree/main/additional_chat_templates?recursive=false&expand=false "HTTP/1.1 404 Not Found"
14:41:43 [drishti.stream] INFO: ffmpeg cmd: ffmpeg -fflags nobuffer -flags low_delay -framedrop -analyzeduration 500000 -probesize 32768 -i udp://@:8080 -f rawvideo -pix_fmt bgr24 -vf scale=800:600 -an -sn -v warning pipe:1
14:41:43 [drishti.stream] INFO: ffmpeg process started
14:41:43 [drishti.stream] WARNING: Stream lost. Reconnecting in 2 seconds...
14:41:43 [httpx] INFO: HTTP Request: HEAD https://huggingface.co/Salesforce/blip-image-captioning-base/resolve/main/processor_config.json "HTTP/1.1 404 Not Found"
14:41:43 [drishti.cmd_server] INFO: Connection from ('127.0.0.1', 41488)
14:41:44 [httpx] INFO: HTTP Request: HEAD https://huggingface.co/Salesforce/blip-image-captioning-base/resolve/main/chat_template.json "HTTP/1.1 404 Not Found"
14:41:44 [httpx] INFO: HTTP Request: HEAD https://huggingface.co/Salesforce/blip-image-captioning-base/resolve/main/chat_template.jinja "HTTP/1.1 404 Not Found"
14:41:44 [httpx] INFO: HTTP Request: HEAD https://huggingface.co/Salesforce/blip-image-captioning-base/resolve/main/audio_tokenizer_config.json "HTTP/1.1 404 Not Found"
14:41:44 [httpx] INFO: HTTP Request: HEAD https://huggingface.co/Salesforce/blip-image-captioning-base/resolve/main/processor_config.json "HTTP/1.1 404 Not Found"
14:41:45 [httpx] INFO: HTTP Request: HEAD https://huggingface.co/Salesforce/blip-image-captioning-base/resolve/main/preprocessor_config.json "HTTP/1.1 307 Temporary Redirect"
14:41:45 [httpx] INFO: HTTP Request: HEAD https://huggingface.co/api/resolve-cache/models/Salesforce/blip-image-captioning-base/82a37760796d32b1411fe092ab5d4e227313294b/preprocessor_config.json "HTTP/1.1 200 OK"
14:41:45 [drishti.stream] INFO: ffmpeg cmd: ffmpeg -fflags nobuffer -flags low_delay -framedrop -analyzeduration 500000 -probesize 32768 -i udp://@:8080 -f rawvideo -pix_fmt bgr24 -vf scale=800:600 -an -sn -v warning pipe:1
14:41:45 [drishti.stream] INFO: ffmpeg process started
14:41:45 [httpx] INFO: HTTP Request: HEAD https://huggingface.co/Salesforce/blip-image-captioning-base/resolve/main/processor_config.json "HTTP/1.1 404 Not Found"
14:41:45 [drishti.stream] WARNING: Stream lost. Reconnecting in 2 seconds...
14:41:45 [httpx] INFO: HTTP Request: HEAD https://huggingface.co/Salesforce/blip-image-captioning-base/resolve/main/preprocessor_config.json "HTTP/1.1 307 Temporary Redirect"
14:41:46 [httpx] INFO: HTTP Request: HEAD https://huggingface.co/api/resolve-cache/models/Salesforce/blip-image-captioning-base/82a37760796d32b1411fe092ab5d4e227313294b/preprocessor_config.json "HTTP/1.1 200 OK"
14:41:46 [httpx] INFO: HTTP Request: HEAD https://huggingface.co/Salesforce/blip-image-captioning-base/resolve/main/config.json "HTTP/1.1 307 Temporary Redirect"
14:41:46 [httpx] INFO: HTTP Request: HEAD https://huggingface.co/api/resolve-cache/models/Salesforce/blip-image-captioning-base/82a37760796d32b1411fe092ab5d4e227313294b/config.json "HTTP/1.1 200 OK"
14:41:46 [httpx] INFO: HTTP Request: HEAD https://huggingface.co/Salesforce/blip-image-captioning-base/resolve/main/tokenizer_config.json "HTTP/1.1 307 Temporary Redirect"
14:41:46 [httpx] INFO: HTTP Request: HEAD https://huggingface.co/api/resolve-cache/models/Salesforce/blip-image-captioning-base/82a37760796d32b1411fe092ab5d4e227313294b/tokenizer_config.json "HTTP/1.1 200 OK"
14:41:47 [httpx] INFO: HTTP Request: GET https://huggingface.co/api/models/Salesforce/blip-image-captioning-base/tree/main/additional_chat_templates?recursive=false&expand=false "HTTP/1.1 404 Not Found"
14:41:47 [httpx] INFO: HTTP Request: GET https://huggingface.co/api/models/Salesforce/blip-image-captioning-base/tree/main?recursive=true&expand=false "HTTP/1.1 200 OK"
14:41:47 [drishti.stream] INFO: ffmpeg cmd: ffmpeg -fflags nobuffer -flags low_delay -framedrop -analyzeduration 500000 -probesize 32768 -i udp://@:8080 -f rawvideo -pix_fmt bgr24 -vf scale=800:600 -an -sn -v warning pipe:1
14:41:47 [drishti.stream] INFO: ffmpeg process started
14:41:47 [drishti.stream] WARNING: Stream lost. Reconnecting in 2 seconds...
14:41:47 [httpx] INFO: HTTP Request: HEAD https://huggingface.co/Salesforce/blip-image-captioning-base/resolve/main/config.json "HTTP/1.1 307 Temporary Redirect"
14:41:47 [httpx] INFO: HTTP Request: HEAD https://huggingface.co/api/resolve-cache/models/Salesforce/blip-image-captioning-base/82a37760796d32b1411fe092ab5d4e227313294b/config.json "HTTP/1.1 200 OK"
14:41:48 [httpx] INFO: HTTP Request: HEAD https://huggingface.co/Salesforce/blip-image-captioning-base/resolve/main/model.safetensors "HTTP/1.1 404 Not Found"
14:41:48 [httpx] INFO: HTTP Request: HEAD https://huggingface.co/Salesforce/blip-image-captioning-base/resolve/main/model.safetensors.index.json "HTTP/1.1 404 Not Found"
14:41:48 [httpx] INFO: HTTP Request: HEAD https://huggingface.co/Salesforce/blip-image-captioning-base/resolve/main/pytorch_model.bin "HTTP/1.1 302 Found"
14:41:49 [httpx] INFO: HTTP Request: HEAD https://huggingface.co/Salesforce/blip-image-captioning-base/resolve/main/model.safetensors "HTTP/1.1 404 Not Found"
14:41:49 [drishti.main] ERROR: Failed to preload BLIP: [Errno 32] Broken pipe
14:41:49 [httpx] INFO: HTTP Request: GET https://huggingface.co/api/models/Salesforce/blip-image-captioning-base "HTTP/1.1 200 OK"
14:41:49 [drishti.stream] INFO: ffmpeg cmd: ffmpeg -fflags nobuffer -flags low_delay -framedrop -analyzeduration 500000 -probesize 32768 -i udp://@:8080 -f rawvideo -pix_fmt bgr24 -vf scale=800:600 -an -sn -v warning pipe:1
14:41:49 [drishti.stream] INFO: ffmpeg process started
14:41:49 [drishti.stream] WARNING: Stream lost. Reconnecting in 2 seconds...
14:41:49 [httpx] INFO: HTTP Request: GET https://huggingface.co/api/models/Salesforce/blip-image-captioning-base/commits/main "HTTP/1.1 200 OK"
14:41:50 [httpx] INFO: HTTP Request: GET https://huggingface.co/api/models/Salesforce/blip-image-captioning-base/discussions?p=0 "HTTP/1.1 200 OK"
14:41:50 [drishti.cmd_server] INFO: Connection from ('127.0.0.1', 58336)
14:41:50 [httpx] INFO: HTTP Request: GET https://huggingface.co/api/models/Salesforce/blip-image-captioning-base/commits/refs%2Fpr%2F52 "HTTP/1.1 200 OK"
14:41:50 [httpx] INFO: HTTP Request: HEAD https://huggingface.co/Salesforce/blip-image-captioning-base/resolve/refs%2Fpr%2F52/model.safetensors.index.json "HTTP/1.1 404 Not Found"
14:41:51 [httpx] INFO: HTTP Request: HEAD https://huggingface.co/Salesforce/blip-image-captioning-base/resolve/refs%2Fpr%2F52/model.safetensors "HTTP/1.1 302 Found"
14:41:51 [drishti.stream] INFO: ffmpeg cmd: ffmpeg -fflags nobuffer -flags low_delay -framedrop -analyzeduration 500000 -probesize 32768 -i udp://@:8080 -f rawvideo -pix_fmt bgr24 -vf scale=800:600 -an -sn -v warning pipe:1
14:41:51 [drishti.stream] INFO: ffmpeg process started
14:41:51 [drishti.stream] WARNING: Stream lost. Reconnecting in 2 seconds...
